SATA Port Test [ V0.1] : 
-------------------------------------- 
Time	Result

2019-08-05 11:01:25--------->PASS

2019-08-05 11:04:09--------->PASS

2019-08-05 11:05:08--------->PASS

2019-08-05 11:05:33--------->PASS

2019-08-05 11:05:41--------->PASS

2019-08-05 11:06:21--------->FAIL

2019-08-05 11:06:34--------->FAIL

2019-08-05 11:08:35--------->FAIL

2019-08-05 11:08:51--------->FAIL

2019-08-05 11:10:48--------->PASS

2019-08-05 11:15:29--------->PASS

2019-08-05 11:16:36--------->PASS

2019-08-05 11:21:02--------->PASS

2019-08-05 11:22:12--------->PASS

2019-08-05 11:22:53--------->PASS

2019-08-05 11:25:57--------->PASS

2019-08-05 11:26:11--------->PASS

2019-08-05 11:26:31--------->PASS

2019-08-05 11:26:49--------->PASS

2019-08-05 11:27:34--------->PASS

2019-08-05 11:29:17--------->PASS

2019-08-05 11:29:42--------->PASS

2019-08-05 11:30:01--------->PASS

2019-08-05 11:33:39--------->PASS

2019-08-05 11:34:50--------->PASS

2019-08-05 11:35:39--------->PASS

2019-08-05 11:36:10--------->PASS

2019-08-05 11:37:15--------->PASS

2019-08-05 11:45:26--------->PASS

2019-08-05 11:46:00--------->PASS

2019-08-05 11:46:15--------->PASS

2019-08-05 11:46:44--------->PASS

2019-08-05 11:57:54--------->PASS

2019-08-05 11:58:12--------->PASS

2019-08-05 12:00:40--------->PASS

2019-08-05 12:00:43--------->PASS

2019-08-05 12:00:46--------->PASS

2019-08-05 12:00:49--------->PASS

2019-08-05 12:01:06--------->PASS

2019-08-05 13:04:52--------->PASS

2019-08-05 13:05:44--------->PASS

2019-08-05 13:08:07--------->PASS

2019-08-05 13:08:23--------->PASS

2019-08-05 13:09:35--------->PASS

2019-08-05 13:12:56--------->PASS

2019-08-05 13:15:13--------->PASS

2019-08-05 13:21:04--------->PASS

2019-08-05 13:22:58--------->PASS

2019-08-05 13:23:21--------->PASS

2019-08-05 13:23:50--------->PASS

2019-08-05 13:23:52--------->PASS

2019-08-05 13:23:58--------->PASS

2019-08-05 13:24:02--------->PASS

2019-08-05 13:24:19--------->FAIL

2019-08-05 13:24:23--------->FAIL

2019-08-05 13:24:32--------->FAIL

2019-08-05 13:24:39--------->FAIL

2019-08-05 13:24:43--------->FAIL

2019-08-05 13:24:50--------->FAIL

2019-08-05 13:24:51--------->FAIL

2019-08-05 13:24:51--------->FAIL

2019-08-05 13:24:51--------->FAIL

2019-08-05 13:24:52--------->FAIL

2019-08-05 13:24:52--------->FAIL

2019-08-05 13:24:52--------->FAIL

2019-08-05 13:24:52--------->FAIL

2019-08-05 13:25:58--------->PASS

2019-08-05 13:26:55--------->PASS

2019-08-05 13:26:58--------->PASS

2019-08-05 13:27:24--------->PASS
